2025-06-17 21:18:00 | DEBUG | repo=pv243-javaee-7 | action=commit
2025-02-02 11:06:00 | DEBUG | repo=pv243-javaee-7 | action=test | passed=true
2025-03-07 15:53:00 | DEBUG | repo=pv243-javaee-7 | action=commit
2025-06-18 08:51:00 | INFO | repo=pv243-javaee-7 | action=test | passed=true
2025-03-28 08:39:00 | DEBUG | repo=pv243-javaee-7 | action=commit
2025-12-06 11:59:00 | WARN | repo=pv243-javaee-7 | action=commit
2025-11-02 11:02:00 | WARN | repo=pv243-javaee-7 | action=edit | files=3
2025-04-13 11:30:00 | DEBUG | repo=pv243-javaee-7 | action=commit
2025-07-04 19:33:00 | INFO | repo=pv243-javaee-7 | action=commit
2025-03-03 14:05:00 | INFO | repo=pv243-javaee-7 | action=commit
2025-07-28 14:20:00 | INFO | repo=pv243-javaee-7 | action=test | passed=true
2025-10-14 19:26:00 | WARN | repo=pv243-javaee-7 | action=test | passed=true
2025-07-13 14:33:00 | INFO | repo=pv243-javaee-7 | action=edit | files=3
2025-05-08 15:48:00 | DEBUG | repo=pv243-javaee-7 | action=commit
2025-03-17 09:48:00 | INFO | repo=pv243-javaee-7 | action=commit
2025-01-18 08:58:00 | DEBUG | repo=pv243-javaee-7 | action=pull
2025-10-12 15:04:00 | WARN | repo=pv243-javaee-7 | action=commit
2025-04-25 08:34:00 | WARN | repo=pv243-javaee-7 | action=test | passed=true
2025-09-07 18:27:00 | WARN | repo=pv243-javaee-7 | action=commit
2025-11-27 08:48:00 | WARN | repo=pv243-javaee-7 | action=edit | files=5
2025-06-14 12:20:00 | DEBUG | repo=pv243-javaee-7 | action=commit
2025-02-17 10:54:00 | INFO | repo=pv243-javaee-7 | action=edit | files=1
2025-02-28 12:18:00 | INFO | repo=pv243-javaee-7 | action=commit
2025-07-07 14:06:00 | DEBUG | repo=pv243-javaee-7 | action=commit
2025-10-15 09:25:00 | INFO | repo=pv243-javaee-7 | action=commit
2025-08-02 13:38:00 | DEBUG | repo=pv243-javaee-7 | action=pull
2025-03-23 10:01:00 | DEBUG | repo=pv243-javaee-7 | action=commit
2025-09-23 08:03:00 | WARN | repo=pv243-javaee-7 | action=pull
2025-12-28 10:55:00 | DEBUG | repo=pv243-javaee-7 | action=commit
2025-10-03 21:45:00 | DEBUG | repo=pv243-javaee-7 | action=pull
2025-01-25 20:39:00 | DEBUG | repo=pv243-javaee-7 | action=edit | files=3
2025-06-24 19:39:00 | WARN | repo=pv243-javaee-7 | action=commit
2025-03-05 18:49:00 | INFO | repo=pv243-javaee-7 | action=pull
2025-08-11 21:02:00 | WARN | repo=pv243-javaee-7 | action=commit
2025-02-14 08:21:00 | DEBUG | repo=pv243-javaee-7 | action=commit
2025-01-01 19:06:00 | INFO | repo=pv243-javaee-7 | action=test | passed=true
2025-02-27 17:34:00 | DEBUG | repo=pv243-javaee-7 | action=commit
2025-03-24 13:42:00 | WARN | repo=pv243-javaee-7 | action=commit
2025-07-10 19:28:00 | DEBUG | repo=pv243-javaee-7 | action=edit | files=2
2025-06-12 20:10:00 | INFO | repo=pv243-javaee-7 | action=commit
2025-03-12 14:18:00 | INFO | repo=pv243-javaee-7 | action=commit
2025-12-17 18:16:00 | INFO | repo=pv243-javaee-7 | action=commit
2025-12-22 08:18:00 | INFO | repo=pv243-javaee-7 | action=commit
2025-06-04 11:22:00 | DEBUG | repo=pv243-javaee-7 | action=test | passed=true
2025-05-08 21:48:00 | WARN | repo=pv243-javaee-7 | action=commit
2025-07-08 11:21:00 | INFO | repo=pv243-javaee-7 | action=commit
2025-12-18 11:39:00 | DEBUG | repo=pv243-javaee-7 | action=test | passed=true
2025-02-10 17:12:00 | DEBUG | repo=pv243-javaee-7 | action=commit
2025-09-16 18:57:00 | DEBUG | repo=pv243-javaee-7 | action=commit
2025-10-22 21:01:00 | WARN | repo=pv243-javaee-7 | action=commit
2025-06-17 15:35:00 | DEBUG | repo=pv243-javaee-7 | action=commit
2025-10-20 11:18:00 | INFO | repo=pv243-javaee-7 | action=test | passed=true
2025-10-20 09:40:00 | WARN | repo=pv243-javaee-7 | action=commit
2025-03-22 13:36:00 | DEBUG | repo=pv243-javaee-7 | action=pull
2025-04-09 20:24:00 | INFO | repo=pv243-javaee-7 | action=edit | files=1
2025-10-16 19:26:00 | INFO | repo=pv243-javaee-7 | action=pull
2025-07-06 21:57:00 | WARN | repo=pv243-javaee-7 | action=commit
2025-08-15 19:24:00 | INFO | repo=pv243-javaee-7 | action=pull
2025-06-03 14:04:00 | DEBUG | repo=pv243-javaee-7 | action=pull
2025-01-06 14:19:00 | WARN | repo=pv243-javaee-7 | action=commit
2025-09-17 18:17:00 | INFO | repo=pv243-javaee-7 | action=commit
2025-01-08 08:12:00 | INFO | repo=pv243-javaee-7 | action=test | passed=true
2025-01-16 08:14:00 | DEBUG | repo=pv243-javaee-7 | action=commit
2025-08-15 15:20:00 | WARN | repo=pv243-javaee-7 | action=pull
2025-11-27 17:26:00 | INFO | repo=pv243-javaee-7 | action=commit
